<?xml version="1.0" encoding="UTF-8"?>
<!-- Generated by org.testng.reporters.JUnitReportReporter -->
<testsuite hostname="MSI" failures="0" tests="1" name="com.faizan.reddif.base.Testbase" time="11.502" errors="0" timestamp="2021-04-02T09:51:15 IST" skipped="0">
  <testcase classname="com.faizan.reddif.base.Testbase" name="browserSetup" time="11.502"/>
  <system-out/>
</testsuite> <!-- com.faizan.reddif.base.Testbase -->
